Compiled jquery.js  (25ms)  (pid 60554)
Compiled jquery_ujs.js  (0ms)  (pid 60554)
Compiled twitter/bootstrap/bootstrap-transition.js  (0ms)  (pid 60554)
Compiled twitter/bootstrap/bootstrap-alert.js  (0ms)  (pid 60554)
Compiled twitter/bootstrap/bootstrap-modal.js  (0ms)  (pid 60554)
Compiled twitter/bootstrap/bootstrap-dropdown.js  (0ms)  (pid 60554)
Compiled twitter/bootstrap/bootstrap-scrollspy.js  (0ms)  (pid 60554)
Compiled twitter/bootstrap/bootstrap-tab.js  (0ms)  (pid 60554)
Compiled twitter/bootstrap/bootstrap-tooltip.js  (0ms)  (pid 60554)
Compiled twitter/bootstrap/bootstrap-popover.js  (0ms)  (pid 60554)
Compiled twitter/bootstrap/bootstrap-button.js  (0ms)  (pid 60554)
Compiled twitter/bootstrap/bootstrap-collapse.js  (0ms)  (pid 60554)
Compiled twitter/bootstrap/bootstrap-carousel.js  (0ms)  (pid 60554)
Compiled twitter/bootstrap/bootstrap-typeahead.js  (0ms)  (pid 60554)
Compiled twitter/bootstrap/bootstrap-affix.js  (0ms)  (pid 60554)
Compiled twitter/bootstrap.js  (80ms)  (pid 60554)
Compiled bootstrap.js  (123ms)  (pid 60554)
Compiled home.js  (0ms)  (pid 60554)
Compiled profile.js  (0ms)  (pid 60554)
Compiled users.js  (0ms)  (pid 60554)
Compiled application.js  (354ms)  (pid 60554)
Compiled bootstrap_and_overrides.css  (662ms)  (pid 60554)
Compiled home.css  (41ms)  (pid 60554)
Compiled profile.css  (1ms)  (pid 60554)
Compiled scaffolds.css  (11ms)  (pid 60554)
Compiled users.css  (1ms)  (pid 60554)
Compiled application.css  (779ms)  (pid 60554)
Compiled jquery.js  (1ms)  (pid 60554)
Compiled jquery_ujs.js  (0ms)  (pid 60554)
Compiled twitter/bootstrap/bootstrap-transition.js  (0ms)  (pid 60554)
Compiled twitter/bootstrap/bootstrap-alert.js  (0ms)  (pid 60554)
Compiled twitter/bootstrap/bootstrap-modal.js  (0ms)  (pid 60554)
Compiled twitter/bootstrap/bootstrap-dropdown.js  (0ms)  (pid 60554)
Compiled twitter/bootstrap/bootstrap-scrollspy.js  (0ms)  (pid 60554)
Compiled twitter/bootstrap/bootstrap-tab.js  (0ms)  (pid 60554)
Compiled twitter/bootstrap/bootstrap-tooltip.js  (0ms)  (pid 60554)
Compiled twitter/bootstrap/bootstrap-popover.js  (0ms)  (pid 60554)
Compiled twitter/bootstrap/bootstrap-button.js  (0ms)  (pid 60554)
Compiled twitter/bootstrap/bootstrap-collapse.js  (0ms)  (pid 60554)
Compiled twitter/bootstrap/bootstrap-carousel.js  (0ms)  (pid 60554)
Compiled twitter/bootstrap/bootstrap-typeahead.js  (0ms)  (pid 60554)
Compiled twitter/bootstrap/bootstrap-affix.js  (0ms)  (pid 60554)
Compiled twitter/bootstrap.js  (78ms)  (pid 60554)
Compiled bootstrap.js  (53ms)  (pid 60554)
Compiled home.js  (0ms)  (pid 60554)
Compiled profile.js  (0ms)  (pid 60554)
Compiled users.js  (0ms)  (pid 60554)
Compiled application.js  (184ms)  (pid 60554)
Compiled bootstrap_and_overrides.css  (594ms)  (pid 60554)
Compiled home.css  (30ms)  (pid 60554)
Compiled profile.css  (0ms)  (pid 60554)
Compiled scaffolds.css  (7ms)  (pid 60554)
Compiled users.css  (0ms)  (pid 60554)
Compiled application.css  (652ms)  (pid 60554)
